[debug] [2022-05-18T22:10:07.217Z] ----------------------------------------------------------------------
[debug] [2022-05-18T22:10:07.218Z] Command:       C:\Program Files\nodejs\node.exe C:\Users\fozlu\AppData\Roaming\npm\node_modules\firebase-tools\lib\bin\firebase.js hosting:disable
[debug] [2022-05-18T22:10:07.219Z] CLI Version:   10.9.2
[debug] [2022-05-18T22:10:07.219Z] Platform:      win32
[debug] [2022-05-18T22:10:07.219Z] Node Version:  v16.14.2
[debug] [2022-05-18T22:10:07.220Z] Time:          Thu May 19 2022 04:10:07 GMT+0600 (Bangladesh Standard Time)
[debug] [2022-05-18T22:10:07.220Z] ----------------------------------------------------------------------
[debug] 
[debug] [2022-05-18T22:10:07.227Z] > refreshing access token with scopes: []
[debug] [2022-05-18T22:10:07.228Z] >>> HTTP REQUEST POST https://www.googleapis.com/oauth2/v3/token  
 <request body omitted>
[debug] [2022-05-18T22:10:07.501Z] <<< HTTP RESPONSE 200 {"expires":"Mon, 01 Jan 1990 00:00:00 GMT","pragma":"no-cache","cache-control":"no-cache, no-store, max-age=0, must-revalidate","date":"Wed, 18 May 2022 22:10:23 GMT","content-type":"application/json; charset=utf-8","vary":"X-Origin, Referer, Origin,Accept-Encoding","server":"scaffolding on HTTPServer2","x-xss-protection":"0","x-frame-options":"SAMEORIGIN","x-content-type-options":"nosniff","alt-svc":"h3=\":443\"; ma=2592000,h3-29=\":443\"; ma=2592000,h3-Q050=\":443\"; ma=2592000,h3-Q046=\":443\"; ma=2592000,h3-Q043=\":443\"; ma=2592000,quic=\":443\"; ma=2592000; v=\"46,43\"","accept-ranges":"none","transfer-encoding":"chunked"}
[debug] [2022-05-18T22:10:07.508Z] >>> [apiv2][query] GET https://firebase.googleapis.com/v1beta1/projects/undefined [none]
[debug] [2022-05-18T22:10:08.097Z] <<< [apiv2][status] GET https://firebase.googleapis.com/v1beta1/projects/undefined 403
[debug] [2022-05-18T22:10:08.097Z] <<< [apiv2][body] GET https://firebase.googleapis.com/v1beta1/projects/undefined {"error":{"code":403,"message":"The caller does not have permission","status":"PERMISSION_DENIED"}}
[debug] [2022-05-18T22:10:08.097Z] HTTP Error: 403, The caller does not have permission
[debug] [2022-05-18T22:10:08.369Z] FirebaseError: HTTP Error: 403, The caller does not have permission
    at module.exports (C:\Users\fozlu\AppData\Roaming\npm\node_modules\firebase-tools\lib\responseToError.js:47:12)
    at RetryOperation._fn (C:\Users\fozlu\AppData\Roaming\npm\node_modules\firebase-tools\lib\apiv2.js:286:39)
    at processTicksAndRejections (node:internal/process/task_queues:96:5)
[error] 
[error] Error: Failed to get Firebase project undefined. Please make sure the project exists and your account has permission to access it.
